{"__type":"$$EventMessageAudit","id":"8dda620f-9b77-4711-9891-7f6630c24f7a","ts":"2026-05-21T09:47:00.751+09:00","eventName":"n8n.audit.workflow.created","message":"n8n.audit.workflow.created","payload":{"userId":"310ae142-4e67-4ebc-b0a0-9e45972dd0cc","_email":"poikl11234@naver.com","_firstName":"ye","_lastName":"ri","globalRole":"global:owner","workflowId":"FmhhvkZ4Sl3qCWE8","workflowName":"My workflow"}}
{"__type":"$$EventMessageConfirm","confirm":"8dda620f-9b77-4711-9891-7f6630c24f7a","ts":"2026-05-21T09:47:00.752+09:00","source":{"id":"0","name":"eventBus"}}
{"__type":"$$EventMessageAudit","id":"bd00cc6e-320d-4def-98eb-b35383150532","ts":"2026-05-21T09:47:04.758+09:00","eventName":"n8n.audit.workflow.updated","message":"n8n.audit.workflow.updated","payload":{"userId":"310ae142-4e67-4ebc-b0a0-9e45972dd0cc","_email":"poikl11234@naver.com","_firstName":"ye","_lastName":"ri","globalRole":"global:owner","workflowId":"FmhhvkZ4Sl3qCWE8","workflowName":"My workflow"}}
{"__type":"$$EventMessageConfirm","confirm":"bd00cc6e-320d-4def-98eb-b35383150532","ts":"2026-05-21T09:47:04.759+09:00","source":{"id":"0","name":"eventBus"}}
{"__type":"$$EventMessageAudit","id":"ea679834-c554-40e6-b6bf-26518e3c5a00","ts":"2026-05-21T09:54:45.246+09:00","eventName":"n8n.audit.workflow.updated","message":"n8n.audit.workflow.updated","payload":{"userId":"310ae142-4e67-4ebc-b0a0-9e45972dd0cc","_email":"poikl11234@naver.com","_firstName":"ye","_lastName":"ri","globalRole":"global:owner","workflowId":"FmhhvkZ4Sl3qCWE8","workflowName":"My workflow"}}
{"__type":"$$EventMessageConfirm","confirm":"ea679834-c554-40e6-b6bf-26518e3c5a00","ts":"2026-05-21T09:54:45.246+09:00","source":{"id":"0","name":"eventBus"}}
{"__type":"$$EventMessageAudit","id":"2bd10b95-ec17-432f-8d7d-76a2f01ca0bc","ts":"2026-05-21T09:54:49.673+09:00","eventName":"n8n.audit.workflow.updated","message":"n8n.audit.workflow.updated","payload":{"userId":"310ae142-4e67-4ebc-b0a0-9e45972dd0cc","_email":"poikl11234@naver.com","_firstName":"ye","_lastName":"ri","globalRole":"global:owner","workflowId":"FmhhvkZ4Sl3qCWE8","workflowName":"My workflow"}}
{"__type":"$$EventMessageConfirm","confirm":"2bd10b95-ec17-432f-8d7d-76a2f01ca0bc","ts":"2026-05-21T09:54:49.673+09:00","source":{"id":"0","name":"eventBus"}}
{"__type":"$$EventMessageAudit","id":"65c2b188-76db-4d5f-b2e9-4b0781d0c336","ts":"2026-05-21T09:55:19.595+09:00","eventName":"n8n.audit.workflow.updated","message":"n8n.audit.workflow.updated","payload":{"userId":"310ae142-4e67-4ebc-b0a0-9e45972dd0cc","_email":"poikl11234@naver.com","_firstName":"ye","_lastName":"ri","globalRole":"global:owner","workflowId":"FmhhvkZ4Sl3qCWE8","workflowName":"My workflow"}}
{"__type":"$$EventMessageConfirm","confirm":"65c2b188-76db-4d5f-b2e9-4b0781d0c336","ts":"2026-05-21T09:55:19.596+09:00","source":{"id":"0","name":"eventBus"}}
{"__type":"$$EventMessageAudit","id":"913ef38d-e212-4b19-8efd-20cc7c99dbd6","ts":"2026-05-21T09:55:31.934+09:00","eventName":"n8n.audit.workflow.updated","message":"n8n.audit.workflow.updated","payload":{"userId":"310ae142-4e67-4ebc-b0a0-9e45972dd0cc","_email":"poikl11234@naver.com","_firstName":"ye","_lastName":"ri","globalRole":"global:owner","workflowId":"FmhhvkZ4Sl3qCWE8","workflowName":"My workflow"}}
{"__type":"$$EventMessageConfirm","confirm":"913ef38d-e212-4b19-8efd-20cc7c99dbd6","ts":"2026-05-21T09:55:31.934+09:00","source":{"id":"0","name":"eventBus"}}
{"__type":"$$EventMessageAudit","id":"bb6e273c-c480-43d6-9809-2713679f460f","ts":"2026-05-21T09:55:45.878+09:00","eventName":"n8n.audit.workflow.executed","message":"n8n.audit.workflow.executed","payload":{"userId":"310ae142-4e67-4ebc-b0a0-9e45972dd0cc","_email":"poikl11234@naver.com","_firstName":"ye","_lastName":"ri","globalRole":"global:owner","workflowId":"FmhhvkZ4Sl3qCWE8","workflowName":"My workflow","executionId":"1","source":"user-manual"}}
{"__type":"$$EventMessageConfirm","confirm":"bb6e273c-c480-43d6-9809-2713679f460f","ts":"2026-05-21T09:55:45.878+09:00","source":{"id":"0","name":"eventBus"}}
{"__type":"$$EventMessageWorkflow","id":"18ee89ad-7c3e-45d1-999a-dff9cdb77ba1","ts":"2026-05-21T09:55:45.878+09:00","eventName":"n8n.workflow.started","message":"n8n.workflow.started","payload":{"executionId":"1","workflowId":"FmhhvkZ4Sl3qCWE8","isManual":false,"mode":"manual","workflowName":"My workflow","projectId":"0wDdZVsjIS7vCrZb","projectName":"ye ri <poikl11234@naver.com>"}}
{"__type":"$$EventMessageConfirm","confirm":"18ee89ad-7c3e-45d1-999a-dff9cdb77ba1","ts":"2026-05-21T09:55:45.878+09:00","source":{"id":"0","name":"eventBus"}}
{"__type":"$$EventMessageNode","id":"72678549-556a-4b8e-9d9a-d7dc553dec95","ts":"2026-05-21T09:55:45.894+09:00","eventName":"n8n.node.started","message":"n8n.node.started","payload":{"workflowId":"FmhhvkZ4Sl3qCWE8","workflowName":"My workflow","executionId":"1","nodeType":"n8n-nodes-base.manualTrigger","nodeName":"When clicking ‘Execute workflow’","nodeId":"6948174c-a872-4b13-946b-30959fc0aff0"}}
{"__type":"$$EventMessageConfirm","confirm":"72678549-556a-4b8e-9d9a-d7dc553dec95","ts":"2026-05-21T09:55:45.895+09:00","source":{"id":"0","name":"eventBus"}}
{"__type":"$$EventMessageNode","id":"518ad145-20eb-4053-8d8d-a8d6e50b4005","ts":"2026-05-21T09:55:45.900+09:00","eventName":"n8n.node.finished","message":"n8n.node.finished","payload":{"workflowId":"FmhhvkZ4Sl3qCWE8","workflowName":"My workflow","executionId":"1","nodeType":"n8n-nodes-base.manualTrigger","nodeName":"When clicking ‘Execute workflow’","nodeId":"6948174c-a872-4b13-946b-30959fc0aff0"}}
{"__type":"$$EventMessageConfirm","confirm":"518ad145-20eb-4053-8d8d-a8d6e50b4005","ts":"2026-05-21T09:55:45.900+09:00","source":{"id":"0","name":"eventBus"}}
{"__type":"$$EventMessageNode","id":"40b64666-8a04-4be8-b62a-d2eb35b6536c","ts":"2026-05-21T09:55:45.903+09:00","eventName":"n8n.node.started","message":"n8n.node.started","payload":{"workflowId":"FmhhvkZ4Sl3qCWE8","workflowName":"My workflow","executionId":"1","nodeType":"n8n-nodes-base.httpRequest","nodeName":"HTTP Request","nodeId":"293e4bf9-edc2-4da4-81e8-51863e325ead"}}
{"__type":"$$EventMessageConfirm","confirm":"40b64666-8a04-4be8-b62a-d2eb35b6536c","ts":"2026-05-21T09:55:45.903+09:00","source":{"id":"0","name":"eventBus"}}
{"__type":"$$EventMessageNode","id":"ca1611b2-40d9-4398-9911-14fc8a5f729b","ts":"2026-05-21T09:55:46.971+09:00","eventName":"n8n.node.finished","message":"n8n.node.finished","payload":{"workflowId":"FmhhvkZ4Sl3qCWE8","workflowName":"My workflow","executionId":"1","nodeType":"n8n-nodes-base.httpRequest","nodeName":"HTTP Request","nodeId":"293e4bf9-edc2-4da4-81e8-51863e325ead"}}
{"__type":"$$EventMessageConfirm","confirm":"ca1611b2-40d9-4398-9911-14fc8a5f729b","ts":"2026-05-21T09:55:46.971+09:00","source":{"id":"0","name":"eventBus"}}
{"__type":"$$EventMessageWorkflow","id":"6c730554-b254-42f5-b865-7b35ad01e458","ts":"2026-05-21T09:55:46.977+09:00","eventName":"n8n.workflow.success","message":"n8n.workflow.success","payload":{"userId":"310ae142-4e67-4ebc-b0a0-9e45972dd0cc","executionId":"1","success":true,"isManual":true,"mode":"manual","workflowId":"FmhhvkZ4Sl3qCWE8","workflowName":"My workflow","projectId":"0wDdZVsjIS7vCrZb","projectName":"ye ri <poikl11234@naver.com>"}}
{"__type":"$$EventMessageConfirm","confirm":"6c730554-b254-42f5-b865-7b35ad01e458","ts":"2026-05-21T09:55:46.978+09:00","source":{"id":"0","name":"eventBus"}}
{"__type":"$$EventMessageAudit","id":"d9501b67-015a-4c40-b768-52cbd83dd99a","ts":"2026-05-21T09:56:48.361+09:00","eventName":"n8n.audit.workflow.updated","message":"n8n.audit.workflow.updated","payload":{"userId":"310ae142-4e67-4ebc-b0a0-9e45972dd0cc","_email":"poikl11234@naver.com","_firstName":"ye","_lastName":"ri","globalRole":"global:owner","workflowId":"FmhhvkZ4Sl3qCWE8","workflowName":"My workflow"}}
{"__type":"$$EventMessageConfirm","confirm":"d9501b67-015a-4c40-b768-52cbd83dd99a","ts":"2026-05-21T09:56:48.361+09:00","source":{"id":"0","name":"eventBus"}}
{"__type":"$$EventMessageAudit","id":"75562726-0739-4d7b-a59b-b2f5b2cadda6","ts":"2026-05-21T09:57:23.776+09:00","eventName":"n8n.audit.workflow.updated","message":"n8n.audit.workflow.updated","payload":{"userId":"310ae142-4e67-4ebc-b0a0-9e45972dd0cc","_email":"poikl11234@naver.com","_firstName":"ye","_lastName":"ri","globalRole":"global:owner","workflowId":"FmhhvkZ4Sl3qCWE8","workflowName":"My workflow"}}
{"__type":"$$EventMessageConfirm","confirm":"75562726-0739-4d7b-a59b-b2f5b2cadda6","ts":"2026-05-21T09:57:23.776+09:00","source":{"id":"0","name":"eventBus"}}
{"__type":"$$EventMessageWorkflow","id":"8a9eedea-b55b-48a2-8e86-95f4991144ad","ts":"2026-05-21T09:57:44.246+09:00","eventName":"n8n.workflow.failed","message":"n8n.workflow.failed","payload":{"userId":"310ae142-4e67-4ebc-b0a0-9e45972dd0cc","executionId":"2","success":false,"isManual":true,"mode":"manual","workflowId":"FmhhvkZ4Sl3qCWE8","workflowName":"My workflow","projectId":"0wDdZVsjIS7vCrZb","projectName":"ye ri <poikl11234@naver.com>","errorMessage":"The workflow has issues and cannot be executed for that reason. Please fix them first."}}
{"__type":"$$EventMessageConfirm","confirm":"8a9eedea-b55b-48a2-8e86-95f4991144ad","ts":"2026-05-21T09:57:44.246+09:00","source":{"id":"0","name":"eventBus"}}
{"__type":"$$EventMessageAudit","id":"dcfd0fc7-a3fe-4c5b-b5e7-cb167d6798af","ts":"2026-05-21T09:57:50.552+09:00","eventName":"n8n.audit.workflow.executed","message":"n8n.audit.workflow.executed","payload":{"userId":"310ae142-4e67-4ebc-b0a0-9e45972dd0cc","_email":"poikl11234@naver.com","_firstName":"ye","_lastName":"ri","globalRole":"global:owner","workflowId":"FmhhvkZ4Sl3qCWE8","workflowName":"My workflow","executionId":"3","source":"user-manual"}}
{"__type":"$$EventMessageConfirm","confirm":"dcfd0fc7-a3fe-4c5b-b5e7-cb167d6798af","ts":"2026-05-21T09:57:50.552+09:00","source":{"id":"0","name":"eventBus"}}
{"__type":"$$EventMessageWorkflow","id":"701d5524-dcb3-4193-afde-f96449703a35","ts":"2026-05-21T09:57:50.552+09:00","eventName":"n8n.workflow.started","message":"n8n.workflow.started","payload":{"executionId":"3","workflowId":"FmhhvkZ4Sl3qCWE8","isManual":false,"mode":"manual","workflowName":"My workflow","projectId":"0wDdZVsjIS7vCrZb","projectName":"ye ri <poikl11234@naver.com>"}}
{"__type":"$$EventMessageConfirm","confirm":"701d5524-dcb3-4193-afde-f96449703a35","ts":"2026-05-21T09:57:50.552+09:00","source":{"id":"0","name":"eventBus"}}
{"__type":"$$EventMessageNode","id":"8c75cbce-c98d-43de-921f-34e8403c3c55","ts":"2026-05-21T09:57:50.571+09:00","eventName":"n8n.node.started","message":"n8n.node.started","payload":{"workflowId":"FmhhvkZ4Sl3qCWE8","workflowName":"My workflow","executionId":"3","nodeType":"n8n-nodes-base.manualTrigger","nodeName":"When clicking ‘Execute workflow’","nodeId":"6948174c-a872-4b13-946b-30959fc0aff0"}}
{"__type":"$$EventMessageConfirm","confirm":"8c75cbce-c98d-43de-921f-34e8403c3c55","ts":"2026-05-21T09:57:50.571+09:00","source":{"id":"0","name":"eventBus"}}
{"__type":"$$EventMessageNode","id":"8f58ff92-1d96-49fe-9cdc-237366e14930","ts":"2026-05-21T09:57:50.572+09:00","eventName":"n8n.node.finished","message":"n8n.node.finished","payload":{"workflowId":"FmhhvkZ4Sl3qCWE8","workflowName":"My workflow","executionId":"3","nodeType":"n8n-nodes-base.manualTrigger","nodeName":"When clicking ‘Execute workflow’","nodeId":"6948174c-a872-4b13-946b-30959fc0aff0"}}
{"__type":"$$EventMessageConfirm","confirm":"8f58ff92-1d96-49fe-9cdc-237366e14930","ts":"2026-05-21T09:57:50.572+09:00","source":{"id":"0","name":"eventBus"}}
{"__type":"$$EventMessageNode","id":"af23dac3-fa06-4aee-84e8-4bf12d450a49","ts":"2026-05-21T09:57:50.573+09:00","eventName":"n8n.node.started","message":"n8n.node.started","payload":{"workflowId":"FmhhvkZ4Sl3qCWE8","workflowName":"My workflow","executionId":"3","nodeType":"n8n-nodes-base.httpRequest","nodeName":"HTTP Request","nodeId":"293e4bf9-edc2-4da4-81e8-51863e325ead"}}
{"__type":"$$EventMessageConfirm","confirm":"af23dac3-fa06-4aee-84e8-4bf12d450a49","ts":"2026-05-21T09:57:50.573+09:00","source":{"id":"0","name":"eventBus"}}
{"__type":"$$EventMessageNode","id":"e30ba646-5262-4401-8f96-d8035cf47c97","ts":"2026-05-21T09:57:51.544+09:00","eventName":"n8n.node.finished","message":"n8n.node.finished","payload":{"workflowId":"FmhhvkZ4Sl3qCWE8","workflowName":"My workflow","executionId":"3","nodeType":"n8n-nodes-base.httpRequest","nodeName":"HTTP Request","nodeId":"293e4bf9-edc2-4da4-81e8-51863e325ead"}}
{"__type":"$$EventMessageConfirm","confirm":"e30ba646-5262-4401-8f96-d8035cf47c97","ts":"2026-05-21T09:57:51.544+09:00","source":{"id":"0","name":"eventBus"}}
{"__type":"$$EventMessageWorkflow","id":"e2c846c6-a458-487a-ab3d-8736fbb5438a","ts":"2026-05-21T09:57:51.550+09:00","eventName":"n8n.workflow.success","message":"n8n.workflow.success","payload":{"userId":"310ae142-4e67-4ebc-b0a0-9e45972dd0cc","executionId":"3","success":true,"isManual":true,"mode":"manual","workflowId":"FmhhvkZ4Sl3qCWE8","workflowName":"My workflow","projectId":"0wDdZVsjIS7vCrZb","projectName":"ye ri <poikl11234@naver.com>"}}
{"__type":"$$EventMessageConfirm","confirm":"e2c846c6-a458-487a-ab3d-8736fbb5438a","ts":"2026-05-21T09:57:51.550+09:00","source":{"id":"0","name":"eventBus"}}
{"__type":"$$EventMessageAudit","id":"8e0987d3-b6d5-400b-accd-aaa9d3b20d2b","ts":"2026-05-21T09:59:04.517+09:00","eventName":"n8n.audit.workflow.updated","message":"n8n.audit.workflow.updated","payload":{"userId":"310ae142-4e67-4ebc-b0a0-9e45972dd0cc","_email":"poikl11234@naver.com","_firstName":"ye","_lastName":"ri","globalRole":"global:owner","workflowId":"FmhhvkZ4Sl3qCWE8","workflowName":"My workflow"}}
{"__type":"$$EventMessageConfirm","confirm":"8e0987d3-b6d5-400b-accd-aaa9d3b20d2b","ts":"2026-05-21T09:59:04.517+09:00","source":{"id":"0","name":"eventBus"}}
{"__type":"$$EventMessageAudit","id":"abd8c2f9-880f-408c-9e35-fdf9411b946c","ts":"2026-05-21T09:59:09.423+09:00","eventName":"n8n.audit.workflow.updated","message":"n8n.audit.workflow.updated","payload":{"userId":"310ae142-4e67-4ebc-b0a0-9e45972dd0cc","_email":"poikl11234@naver.com","_firstName":"ye","_lastName":"ri","globalRole":"global:owner","workflowId":"FmhhvkZ4Sl3qCWE8","workflowName":"My workflow"}}
{"__type":"$$EventMessageConfirm","confirm":"abd8c2f9-880f-408c-9e35-fdf9411b946c","ts":"2026-05-21T09:59:09.423+09:00","source":{"id":"0","name":"eventBus"}}
{"__type":"$$EventMessageAudit","id":"145a4f6e-fe6b-4c48-a3ee-89334cfc87e3","ts":"2026-05-21T10:01:15.985+09:00","eventName":"n8n.audit.workflow.updated","message":"n8n.audit.workflow.updated","payload":{"userId":"310ae142-4e67-4ebc-b0a0-9e45972dd0cc","_email":"poikl11234@naver.com","_firstName":"ye","_lastName":"ri","globalRole":"global:owner","workflowId":"FmhhvkZ4Sl3qCWE8","workflowName":"My workflow"}}
{"__type":"$$EventMessageConfirm","confirm":"145a4f6e-fe6b-4c48-a3ee-89334cfc87e3","ts":"2026-05-21T10:01:15.985+09:00","source":{"id":"0","name":"eventBus"}}
{"__type":"$$EventMessageAudit","id":"9652aa04-5c3b-4bcd-ac63-f72cef706742","ts":"2026-05-21T10:01:21.262+09:00","eventName":"n8n.audit.workflow.updated","message":"n8n.audit.workflow.updated","payload":{"userId":"310ae142-4e67-4ebc-b0a0-9e45972dd0cc","_email":"poikl11234@naver.com","_firstName":"ye","_lastName":"ri","globalRole":"global:owner","workflowId":"FmhhvkZ4Sl3qCWE8","workflowName":"My workflow"}}
{"__type":"$$EventMessageConfirm","confirm":"9652aa04-5c3b-4bcd-ac63-f72cef706742","ts":"2026-05-21T10:01:21.262+09:00","source":{"id":"0","name":"eventBus"}}
{"__type":"$$EventMessageAudit","id":"f8bfd99b-abb6-4a5b-af7e-02bc44c91f81","ts":"2026-05-21T10:01:42.552+09:00","eventName":"n8n.audit.workflow.executed","message":"n8n.audit.workflow.executed","payload":{"userId":"310ae142-4e67-4ebc-b0a0-9e45972dd0cc","_email":"poikl11234@naver.com","_firstName":"ye","_lastName":"ri","globalRole":"global:owner","workflowId":"FmhhvkZ4Sl3qCWE8","workflowName":"My workflow","executionId":"4","source":"user-manual"}}
{"__type":"$$EventMessageConfirm","confirm":"f8bfd99b-abb6-4a5b-af7e-02bc44c91f81","ts":"2026-05-21T10:01:42.552+09:00","source":{"id":"0","name":"eventBus"}}
{"__type":"$$EventMessageWorkflow","id":"f30df5d0-7c51-4e7c-8b29-243db9d0b0a0","ts":"2026-05-21T10:01:42.552+09:00","eventName":"n8n.workflow.started","message":"n8n.workflow.started","payload":{"executionId":"4","workflowId":"FmhhvkZ4Sl3qCWE8","isManual":false,"mode":"manual","workflowName":"My workflow","projectId":"0wDdZVsjIS7vCrZb","projectName":"ye ri <poikl11234@naver.com>"}}
{"__type":"$$EventMessageConfirm","confirm":"f30df5d0-7c51-4e7c-8b29-243db9d0b0a0","ts":"2026-05-21T10:01:42.552+09:00","source":{"id":"0","name":"eventBus"}}
{"__type":"$$EventMessageNode","id":"560d7123-4e5d-49ac-82bf-eb9b1773f843","ts":"2026-05-21T10:01:42.572+09:00","eventName":"n8n.node.started","message":"n8n.node.started","payload":{"workflowId":"FmhhvkZ4Sl3qCWE8","workflowName":"My workflow","executionId":"4","nodeType":"n8n-nodes-base.rssFeedRead","nodeName":"RSS Read","nodeId":"fd260cdd-063c-46aa-bafd-dfdc9d8dc074"}}
{"__type":"$$EventMessageConfirm","confirm":"560d7123-4e5d-49ac-82bf-eb9b1773f843","ts":"2026-05-21T10:01:42.572+09:00","source":{"id":"0","name":"eventBus"}}
{"__type":"$$EventMessageNode","id":"c247b70c-196d-4a7b-b4a0-7417766339b9","ts":"2026-05-21T10:01:42.613+09:00","eventName":"n8n.node.finished","message":"n8n.node.finished","payload":{"workflowId":"FmhhvkZ4Sl3qCWE8","workflowName":"My workflow","executionId":"4","nodeType":"n8n-nodes-base.rssFeedRead","nodeName":"RSS Read","nodeId":"fd260cdd-063c-46aa-bafd-dfdc9d8dc074"}}
{"__type":"$$EventMessageConfirm","confirm":"c247b70c-196d-4a7b-b4a0-7417766339b9","ts":"2026-05-21T10:01:42.613+09:00","source":{"id":"0","name":"eventBus"}}
{"__type":"$$EventMessageWorkflow","id":"12b0f051-ed19-4c96-b6fd-ce6dba3568d1","ts":"2026-05-21T10:01:42.616+09:00","eventName":"n8n.workflow.failed","message":"n8n.workflow.failed","payload":{"userId":"310ae142-4e67-4ebc-b0a0-9e45972dd0cc","executionId":"4","success":false,"isManual":true,"mode":"manual","workflowId":"FmhhvkZ4Sl3qCWE8","workflowName":"My workflow","projectId":"0wDdZVsjIS7vCrZb","projectName":"ye ri <poikl11234@naver.com>","lastNodeExecuted":"RSS Read","errorNodeType":"n8n-nodes-base.rssFeedRead","errorMessage":"The provided \"URL\" is not valid!"}}
{"__type":"$$EventMessageConfirm","confirm":"12b0f051-ed19-4c96-b6fd-ce6dba3568d1","ts":"2026-05-21T10:01:42.616+09:00","source":{"id":"0","name":"eventBus"}}
{"__type":"$$EventMessageAudit","id":"5c01cd78-6705-4ac1-98c4-8f56aa138bee","ts":"2026-05-21T10:01:48.550+09:00","eventName":"n8n.audit.workflow.executed","message":"n8n.audit.workflow.executed","payload":{"userId":"310ae142-4e67-4ebc-b0a0-9e45972dd0cc","_email":"poikl11234@naver.com","_firstName":"ye","_lastName":"ri","globalRole":"global:owner","workflowId":"FmhhvkZ4Sl3qCWE8","workflowName":"My workflow","executionId":"5","source":"user-manual"}}
{"__type":"$$EventMessageConfirm","confirm":"5c01cd78-6705-4ac1-98c4-8f56aa138bee","ts":"2026-05-21T10:01:48.551+09:00","source":{"id":"0","name":"eventBus"}}
{"__type":"$$EventMessageWorkflow","id":"b1ca1bc0-10bb-4aa7-a2ed-2069df66fb24","ts":"2026-05-21T10:01:48.551+09:00","eventName":"n8n.workflow.started","message":"n8n.workflow.started","payload":{"executionId":"5","workflowId":"FmhhvkZ4Sl3qCWE8","isManual":false,"mode":"manual","workflowName":"My workflow","projectId":"0wDdZVsjIS7vCrZb","projectName":"ye ri <poikl11234@naver.com>"}}
{"__type":"$$EventMessageConfirm","confirm":"b1ca1bc0-10bb-4aa7-a2ed-2069df66fb24","ts":"2026-05-21T10:01:48.551+09:00","source":{"id":"0","name":"eventBus"}}
{"__type":"$$EventMessageNode","id":"fda08b47-b86d-407d-b104-5007ca1ce8b9","ts":"2026-05-21T10:01:48.573+09:00","eventName":"n8n.node.started","message":"n8n.node.started","payload":{"workflowId":"FmhhvkZ4Sl3qCWE8","workflowName":"My workflow","executionId":"5","nodeType":"n8n-nodes-base.rssFeedRead","nodeName":"RSS Read","nodeId":"fd260cdd-063c-46aa-bafd-dfdc9d8dc074"}}
{"__type":"$$EventMessageConfirm","confirm":"fda08b47-b86d-407d-b104-5007ca1ce8b9","ts":"2026-05-21T10:01:48.573+09:00","source":{"id":"0","name":"eventBus"}}
{"__type":"$$EventMessageNode","id":"e78b4d7f-74c6-4877-b7d8-b7602a94ec16","ts":"2026-05-21T10:01:48.580+09:00","eventName":"n8n.node.finished","message":"n8n.node.finished","payload":{"workflowId":"FmhhvkZ4Sl3qCWE8","workflowName":"My workflow","executionId":"5","nodeType":"n8n-nodes-base.rssFeedRead","nodeName":"RSS Read","nodeId":"fd260cdd-063c-46aa-bafd-dfdc9d8dc074"}}
{"__type":"$$EventMessageConfirm","confirm":"e78b4d7f-74c6-4877-b7d8-b7602a94ec16","ts":"2026-05-21T10:01:48.580+09:00","source":{"id":"0","name":"eventBus"}}
{"__type":"$$EventMessageWorkflow","id":"aea92658-93ca-46be-aa40-8f05b98ab581","ts":"2026-05-21T10:01:48.583+09:00","eventName":"n8n.workflow.failed","message":"n8n.workflow.failed","payload":{"userId":"310ae142-4e67-4ebc-b0a0-9e45972dd0cc","executionId":"5","success":false,"isManual":true,"mode":"manual","workflowId":"FmhhvkZ4Sl3qCWE8","workflowName":"My workflow","projectId":"0wDdZVsjIS7vCrZb","projectName":"ye ri <poikl11234@naver.com>","lastNodeExecuted":"RSS Read","errorNodeType":"n8n-nodes-base.rssFeedRead","errorMessage":"The provided \"URL\" is not valid!"}}
{"__type":"$$EventMessageConfirm","confirm":"aea92658-93ca-46be-aa40-8f05b98ab581","ts":"2026-05-21T10:01:48.583+09:00","source":{"id":"0","name":"eventBus"}}
{"__type":"$$EventMessageAudit","id":"880b5855-ff7d-4fc8-b473-a691347c85a3","ts":"2026-05-21T10:02:28.628+09:00","eventName":"n8n.audit.workflow.updated","message":"n8n.audit.workflow.updated","payload":{"userId":"310ae142-4e67-4ebc-b0a0-9e45972dd0cc","_email":"poikl11234@naver.com","_firstName":"ye","_lastName":"ri","globalRole":"global:owner","workflowId":"FmhhvkZ4Sl3qCWE8","workflowName":"My workflow"}}
{"__type":"$$EventMessageConfirm","confirm":"880b5855-ff7d-4fc8-b473-a691347c85a3","ts":"2026-05-21T10:02:28.628+09:00","source":{"id":"0","name":"eventBus"}}
{"__type":"$$EventMessageAudit","id":"abb90698-af6e-4a42-b3c5-03b4ea5988e6","ts":"2026-05-21T10:02:31.991+09:00","eventName":"n8n.audit.workflow.updated","message":"n8n.audit.workflow.updated","payload":{"userId":"310ae142-4e67-4ebc-b0a0-9e45972dd0cc","_email":"poikl11234@naver.com","_firstName":"ye","_lastName":"ri","globalRole":"global:owner","workflowId":"FmhhvkZ4Sl3qCWE8","workflowName":"My workflow"}}
{"__type":"$$EventMessageConfirm","confirm":"abb90698-af6e-4a42-b3c5-03b4ea5988e6","ts":"2026-05-21T10:02:31.992+09:00","source":{"id":"0","name":"eventBus"}}
{"__type":"$$EventMessageAudit","id":"9905c705-868c-4eb2-aa7d-4120e6655c7c","ts":"2026-05-21T10:02:34.393+09:00","eventName":"n8n.audit.workflow.executed","message":"n8n.audit.workflow.executed","payload":{"userId":"310ae142-4e67-4ebc-b0a0-9e45972dd0cc","_email":"poikl11234@naver.com","_firstName":"ye","_lastName":"ri","globalRole":"global:owner","workflowId":"FmhhvkZ4Sl3qCWE8","workflowName":"My workflow","executionId":"6","source":"user-manual"}}
{"__type":"$$EventMessageConfirm","confirm":"9905c705-868c-4eb2-aa7d-4120e6655c7c","ts":"2026-05-21T10:02:34.393+09:00","source":{"id":"0","name":"eventBus"}}
{"__type":"$$EventMessageWorkflow","id":"eb295c41-0292-4930-886e-4ddcb39e279d","ts":"2026-05-21T10:02:34.394+09:00","eventName":"n8n.workflow.started","message":"n8n.workflow.started","payload":{"executionId":"6","workflowId":"FmhhvkZ4Sl3qCWE8","isManual":false,"mode":"manual","workflowName":"My workflow","projectId":"0wDdZVsjIS7vCrZb","projectName":"ye ri <poikl11234@naver.com>"}}
{"__type":"$$EventMessageConfirm","confirm":"eb295c41-0292-4930-886e-4ddcb39e279d","ts":"2026-05-21T10:02:34.394+09:00","source":{"id":"0","name":"eventBus"}}
{"__type":"$$EventMessageNode","id":"fa0b05f7-f6c7-4b26-a313-18051cd416f4","ts":"2026-05-21T10:02:34.413+09:00","eventName":"n8n.node.started","message":"n8n.node.started","payload":{"workflowId":"FmhhvkZ4Sl3qCWE8","workflowName":"My workflow","executionId":"6","nodeType":"n8n-nodes-base.httpRequest","nodeName":"HTTP Request","nodeId":"293e4bf9-edc2-4da4-81e8-51863e325ead"}}
{"__type":"$$EventMessageConfirm","confirm":"fa0b05f7-f6c7-4b26-a313-18051cd416f4","ts":"2026-05-21T10:02:34.414+09:00","source":{"id":"0","name":"eventBus"}}
{"__type":"$$EventMessageNode","id":"2be92e0b-510b-4e6d-87a3-fa7d0a898bdc","ts":"2026-05-21T10:02:35.316+09:00","eventName":"n8n.node.finished","message":"n8n.node.finished","payload":{"workflowId":"FmhhvkZ4Sl3qCWE8","workflowName":"My workflow","executionId":"6","nodeType":"n8n-nodes-base.httpRequest","nodeName":"HTTP Request","nodeId":"293e4bf9-edc2-4da4-81e8-51863e325ead"}}
{"__type":"$$EventMessageConfirm","confirm":"2be92e0b-510b-4e6d-87a3-fa7d0a898bdc","ts":"2026-05-21T10:02:35.316+09:00","source":{"id":"0","name":"eventBus"}}
{"__type":"$$EventMessageWorkflow","id":"87a84981-26c3-4e3d-9c0a-4364466fde5e","ts":"2026-05-21T10:02:35.321+09:00","eventName":"n8n.workflow.success","message":"n8n.workflow.success","payload":{"userId":"310ae142-4e67-4ebc-b0a0-9e45972dd0cc","executionId":"6","success":true,"isManual":true,"mode":"manual","workflowId":"FmhhvkZ4Sl3qCWE8","workflowName":"My workflow","projectId":"0wDdZVsjIS7vCrZb","projectName":"ye ri <poikl11234@naver.com>"}}
{"__type":"$$EventMessageConfirm","confirm":"87a84981-26c3-4e3d-9c0a-4364466fde5e","ts":"2026-05-21T10:02:35.321+09:00","source":{"id":"0","name":"eventBus"}}
{"__type":"$$EventMessageAudit","id":"b2d6c388-1463-455e-ba87-600bf5e2d1ba","ts":"2026-05-21T10:02:42.031+09:00","eventName":"n8n.audit.workflow.executed","message":"n8n.audit.workflow.executed","payload":{"userId":"310ae142-4e67-4ebc-b0a0-9e45972dd0cc","_email":"poikl11234@naver.com","_firstName":"ye","_lastName":"ri","globalRole":"global:owner","workflowId":"FmhhvkZ4Sl3qCWE8","workflowName":"My workflow","executionId":"7","source":"user-manual"}}
{"__type":"$$EventMessageConfirm","confirm":"b2d6c388-1463-455e-ba87-600bf5e2d1ba","ts":"2026-05-21T10:02:42.031+09:00","source":{"id":"0","name":"eventBus"}}
{"__type":"$$EventMessageWorkflow","id":"8d78d68f-810c-4745-948a-868f3cde1d81","ts":"2026-05-21T10:02:42.031+09:00","eventName":"n8n.workflow.started","message":"n8n.workflow.started","payload":{"executionId":"7","workflowId":"FmhhvkZ4Sl3qCWE8","isManual":false,"mode":"manual","workflowName":"My workflow","projectId":"0wDdZVsjIS7vCrZb","projectName":"ye ri <poikl11234@naver.com>"}}
{"__type":"$$EventMessageConfirm","confirm":"8d78d68f-810c-4745-948a-868f3cde1d81","ts":"2026-05-21T10:02:42.031+09:00","source":{"id":"0","name":"eventBus"}}
{"__type":"$$EventMessageNode","id":"f97cbc66-4569-4e76-baf4-37794e66a6c6","ts":"2026-05-21T10:02:42.054+09:00","eventName":"n8n.node.started","message":"n8n.node.started","payload":{"workflowId":"FmhhvkZ4Sl3qCWE8","workflowName":"My workflow","executionId":"7","nodeType":"n8n-nodes-base.rssFeedRead","nodeName":"RSS Read","nodeId":"fd260cdd-063c-46aa-bafd-dfdc9d8dc074"}}
{"__type":"$$EventMessageConfirm","confirm":"f97cbc66-4569-4e76-baf4-37794e66a6c6","ts":"2026-05-21T10:02:42.055+09:00","source":{"id":"0","name":"eventBus"}}
{"__type":"$$EventMessageNode","id":"1a7226b8-0e81-4ae7-a43a-1b49521356b8","ts":"2026-05-21T10:02:42.060+09:00","eventName":"n8n.node.finished","message":"n8n.node.finished","payload":{"workflowId":"FmhhvkZ4Sl3qCWE8","workflowName":"My workflow","executionId":"7","nodeType":"n8n-nodes-base.rssFeedRead","nodeName":"RSS Read","nodeId":"fd260cdd-063c-46aa-bafd-dfdc9d8dc074"}}
{"__type":"$$EventMessageConfirm","confirm":"1a7226b8-0e81-4ae7-a43a-1b49521356b8","ts":"2026-05-21T10:02:42.060+09:00","source":{"id":"0","name":"eventBus"}}
{"__type":"$$EventMessageWorkflow","id":"ec07692d-c2fb-43c3-9afe-90c7510d7416","ts":"2026-05-21T10:02:42.064+09:00","eventName":"n8n.workflow.failed","message":"n8n.workflow.failed","payload":{"userId":"310ae142-4e67-4ebc-b0a0-9e45972dd0cc","executionId":"7","success":false,"isManual":true,"mode":"manual","workflowId":"FmhhvkZ4Sl3qCWE8","workflowName":"My workflow","projectId":"0wDdZVsjIS7vCrZb","projectName":"ye ri <poikl11234@naver.com>","lastNodeExecuted":"RSS Read","errorNodeType":"n8n-nodes-base.rssFeedRead","errorMessage":"The provided \"URL\" is not valid!"}}
{"__type":"$$EventMessageConfirm","confirm":"ec07692d-c2fb-43c3-9afe-90c7510d7416","ts":"2026-05-21T10:02:42.064+09:00","source":{"id":"0","name":"eventBus"}}
{"__type":"$$EventMessageAudit","id":"3f608b8e-8cfe-4403-b554-2027e96f3263","ts":"2026-05-21T10:02:56.570+09:00","eventName":"n8n.audit.workflow.executed","message":"n8n.audit.workflow.executed","payload":{"userId":"310ae142-4e67-4ebc-b0a0-9e45972dd0cc","_email":"poikl11234@naver.com","_firstName":"ye","_lastName":"ri","globalRole":"global:owner","workflowId":"FmhhvkZ4Sl3qCWE8","workflowName":"My workflow","executionId":"8","source":"user-manual"}}
{"__type":"$$EventMessageConfirm","confirm":"3f608b8e-8cfe-4403-b554-2027e96f3263","ts":"2026-05-21T10:02:56.570+09:00","source":{"id":"0","name":"eventBus"}}
{"__type":"$$EventMessageWorkflow","id":"bcfb17d8-8406-43d8-a165-769230b70b94","ts":"2026-05-21T10:02:56.570+09:00","eventName":"n8n.workflow.started","message":"n8n.workflow.started","payload":{"executionId":"8","workflowId":"FmhhvkZ4Sl3qCWE8","isManual":false,"mode":"manual","workflowName":"My workflow","projectId":"0wDdZVsjIS7vCrZb","projectName":"ye ri <poikl11234@naver.com>"}}
{"__type":"$$EventMessageConfirm","confirm":"bcfb17d8-8406-43d8-a165-769230b70b94","ts":"2026-05-21T10:02:56.570+09:00","source":{"id":"0","name":"eventBus"}}
{"__type":"$$EventMessageNode","id":"dc5549f4-5da6-4c2e-a0ed-c1148244f729","ts":"2026-05-21T10:02:56.592+09:00","eventName":"n8n.node.started","message":"n8n.node.started","payload":{"workflowId":"FmhhvkZ4Sl3qCWE8","workflowName":"My workflow","executionId":"8","nodeType":"n8n-nodes-base.rssFeedRead","nodeName":"RSS Read","nodeId":"fd260cdd-063c-46aa-bafd-dfdc9d8dc074"}}
{"__type":"$$EventMessageConfirm","confirm":"dc5549f4-5da6-4c2e-a0ed-c1148244f729","ts":"2026-05-21T10:02:56.593+09:00","source":{"id":"0","name":"eventBus"}}
{"__type":"$$EventMessageNode","id":"b6d56b06-0f9c-4c81-acd2-eb40f942a6d9","ts":"2026-05-21T10:02:56.597+09:00","eventName":"n8n.node.finished","message":"n8n.node.finished","payload":{"workflowId":"FmhhvkZ4Sl3qCWE8","workflowName":"My workflow","executionId":"8","nodeType":"n8n-nodes-base.rssFeedRead","nodeName":"RSS Read","nodeId":"fd260cdd-063c-46aa-bafd-dfdc9d8dc074"}}
{"__type":"$$EventMessageConfirm","confirm":"b6d56b06-0f9c-4c81-acd2-eb40f942a6d9","ts":"2026-05-21T10:02:56.597+09:00","source":{"id":"0","name":"eventBus"}}
{"__type":"$$EventMessageWorkflow","id":"465d51d4-7eac-4b65-9bfd-3c47cedc8bc8","ts":"2026-05-21T10:02:56.600+09:00","eventName":"n8n.workflow.failed","message":"n8n.workflow.failed","payload":{"userId":"310ae142-4e67-4ebc-b0a0-9e45972dd0cc","executionId":"8","success":false,"isManual":true,"mode":"manual","workflowId":"FmhhvkZ4Sl3qCWE8","workflowName":"My workflow","projectId":"0wDdZVsjIS7vCrZb","projectName":"ye ri <poikl11234@naver.com>","lastNodeExecuted":"RSS Read","errorNodeType":"n8n-nodes-base.rssFeedRead","errorMessage":"The provided \"URL\" is not valid!"}}
{"__type":"$$EventMessageConfirm","confirm":"465d51d4-7eac-4b65-9bfd-3c47cedc8bc8","ts":"2026-05-21T10:02:56.601+09:00","source":{"id":"0","name":"eventBus"}}
{"__type":"$$EventMessageAudit","id":"c35be6b3-b7af-445c-962b-4b8e623b5c0c","ts":"2026-05-21T10:04:04.065+09:00","eventName":"n8n.audit.workflow.updated","message":"n8n.audit.workflow.updated","payload":{"userId":"310ae142-4e67-4ebc-b0a0-9e45972dd0cc","_email":"poikl11234@naver.com","_firstName":"ye","_lastName":"ri","globalRole":"global:owner","workflowId":"FmhhvkZ4Sl3qCWE8","workflowName":"My workflow"}}
{"__type":"$$EventMessageConfirm","confirm":"c35be6b3-b7af-445c-962b-4b8e623b5c0c","ts":"2026-05-21T10:04:04.065+09:00","source":{"id":"0","name":"eventBus"}}
{"__type":"$$EventMessageAudit","id":"95dd4346-0d35-42e8-8d0a-ac79a25f0ff4","ts":"2026-05-21T10:04:12.423+09:00","eventName":"n8n.audit.workflow.updated","message":"n8n.audit.workflow.updated","payload":{"userId":"310ae142-4e67-4ebc-b0a0-9e45972dd0cc","_email":"poikl11234@naver.com","_firstName":"ye","_lastName":"ri","globalRole":"global:owner","workflowId":"FmhhvkZ4Sl3qCWE8","workflowName":"My workflow"}}
{"__type":"$$EventMessageConfirm","confirm":"95dd4346-0d35-42e8-8d0a-ac79a25f0ff4","ts":"2026-05-21T10:04:12.423+09:00","source":{"id":"0","name":"eventBus"}}
{"__type":"$$EventMessageAudit","id":"d5ba8eff-ea49-41e8-a65f-0128ae5063d5","ts":"2026-05-21T10:04:21.899+09:00","eventName":"n8n.audit.workflow.updated","message":"n8n.audit.workflow.updated","payload":{"userId":"310ae142-4e67-4ebc-b0a0-9e45972dd0cc","_email":"poikl11234@naver.com","_firstName":"ye","_lastName":"ri","globalRole":"global:owner","workflowId":"FmhhvkZ4Sl3qCWE8","workflowName":"My workflow"}}
{"__type":"$$EventMessageConfirm","confirm":"d5ba8eff-ea49-41e8-a65f-0128ae5063d5","ts":"2026-05-21T10:04:21.900+09:00","source":{"id":"0","name":"eventBus"}}
{"__type":"$$EventMessageAudit","id":"ed476f5d-cfc0-428d-84ea-df5d4dd08393","ts":"2026-05-21T10:04:23.008+09:00","eventName":"n8n.audit.workflow.executed","message":"n8n.audit.workflow.executed","payload":{"userId":"310ae142-4e67-4ebc-b0a0-9e45972dd0cc","_email":"poikl11234@naver.com","_firstName":"ye","_lastName":"ri","globalRole":"global:owner","workflowId":"FmhhvkZ4Sl3qCWE8","workflowName":"My workflow","executionId":"9","source":"user-manual"}}
{"__type":"$$EventMessageConfirm","confirm":"ed476f5d-cfc0-428d-84ea-df5d4dd08393","ts":"2026-05-21T10:04:23.008+09:00","source":{"id":"0","name":"eventBus"}}
{"__type":"$$EventMessageWorkflow","id":"c429afb4-1878-4523-a947-c5539c736a8b","ts":"2026-05-21T10:04:23.008+09:00","eventName":"n8n.workflow.started","message":"n8n.workflow.started","payload":{"executionId":"9","workflowId":"FmhhvkZ4Sl3qCWE8","isManual":false,"mode":"manual","workflowName":"My workflow","projectId":"0wDdZVsjIS7vCrZb","projectName":"ye ri <poikl11234@naver.com>"}}
{"__type":"$$EventMessageConfirm","confirm":"c429afb4-1878-4523-a947-c5539c736a8b","ts":"2026-05-21T10:04:23.008+09:00","source":{"id":"0","name":"eventBus"}}
{"__type":"$$EventMessageNode","id":"3bdcd75f-9951-4a58-b758-8a53c5484033","ts":"2026-05-21T10:04:23.032+09:00","eventName":"n8n.node.started","message":"n8n.node.started","payload":{"workflowId":"FmhhvkZ4Sl3qCWE8","workflowName":"My workflow","executionId":"9","nodeType":"n8n-nodes-base.rssFeedReadTrigger","nodeName":"RSS Feed Trigger","nodeId":"614b193e-a89f-4904-b316-47012e1fc849"}}
{"__type":"$$EventMessageConfirm","confirm":"3bdcd75f-9951-4a58-b758-8a53c5484033","ts":"2026-05-21T10:04:23.032+09:00","source":{"id":"0","name":"eventBus"}}
{"__type":"$$EventMessageNode","id":"c7fab004-3e3c-4aca-a50d-be7545aeede5","ts":"2026-05-21T10:04:23.300+09:00","eventName":"n8n.node.finished","message":"n8n.node.finished","payload":{"workflowId":"FmhhvkZ4Sl3qCWE8","workflowName":"My workflow","executionId":"9","nodeType":"n8n-nodes-base.rssFeedReadTrigger","nodeName":"RSS Feed Trigger","nodeId":"614b193e-a89f-4904-b316-47012e1fc849"}}
{"__type":"$$EventMessageConfirm","confirm":"c7fab004-3e3c-4aca-a50d-be7545aeede5","ts":"2026-05-21T10:04:23.301+09:00","source":{"id":"0","name":"eventBus"}}
{"__type":"$$EventMessageWorkflow","id":"b1f5e52b-6fce-4239-9d44-8cb74f340912","ts":"2026-05-21T10:04:23.304+09:00","eventName":"n8n.workflow.success","message":"n8n.workflow.success","payload":{"userId":"310ae142-4e67-4ebc-b0a0-9e45972dd0cc","executionId":"9","success":true,"isManual":true,"mode":"manual","workflowId":"FmhhvkZ4Sl3qCWE8","workflowName":"My workflow","projectId":"0wDdZVsjIS7vCrZb","projectName":"ye ri <poikl11234@naver.com>"}}
{"__type":"$$EventMessageConfirm","confirm":"b1f5e52b-6fce-4239-9d44-8cb74f340912","ts":"2026-05-21T10:04:23.305+09:00","source":{"id":"0","name":"eventBus"}}
{"__type":"$$EventMessageAudit","id":"c09bd31e-273c-40b2-b9cd-b768daaee8ba","ts":"2026-05-21T10:04:30.609+09:00","eventName":"n8n.audit.workflow.updated","message":"n8n.audit.workflow.updated","payload":{"userId":"310ae142-4e67-4ebc-b0a0-9e45972dd0cc","_email":"poikl11234@naver.com","_firstName":"ye","_lastName":"ri","globalRole":"global:owner","workflowId":"FmhhvkZ4Sl3qCWE8","workflowName":"My workflow"}}
{"__type":"$$EventMessageConfirm","confirm":"c09bd31e-273c-40b2-b9cd-b768daaee8ba","ts":"2026-05-21T10:04:30.609+09:00","source":{"id":"0","name":"eventBus"}}
{"__type":"$$EventMessageAudit","id":"faa28a51-e681-4dcc-8f0b-ab0642d8aff9","ts":"2026-05-21T10:04:38.219+09:00","eventName":"n8n.audit.workflow.updated","message":"n8n.audit.workflow.updated","payload":{"userId":"310ae142-4e67-4ebc-b0a0-9e45972dd0cc","_email":"poikl11234@naver.com","_firstName":"ye","_lastName":"ri","globalRole":"global:owner","workflowId":"FmhhvkZ4Sl3qCWE8","workflowName":"My workflow"}}
{"__type":"$$EventMessageConfirm","confirm":"faa28a51-e681-4dcc-8f0b-ab0642d8aff9","ts":"2026-05-21T10:04:38.219+09:00","source":{"id":"0","name":"eventBus"}}
{"__type":"$$EventMessageAudit","id":"bb73e057-33c9-4e9c-8143-ed44c8e0fc6a","ts":"2026-05-21T10:04:45.001+09:00","eventName":"n8n.audit.workflow.updated","message":"n8n.audit.workflow.updated","payload":{"userId":"310ae142-4e67-4ebc-b0a0-9e45972dd0cc","_email":"poikl11234@naver.com","_firstName":"ye","_lastName":"ri","globalRole":"global:owner","workflowId":"FmhhvkZ4Sl3qCWE8","workflowName":"My workflow"}}
{"__type":"$$EventMessageConfirm","confirm":"bb73e057-33c9-4e9c-8143-ed44c8e0fc6a","ts":"2026-05-21T10:04:45.001+09:00","source":{"id":"0","name":"eventBus"}}
{"__type":"$$EventMessageAudit","id":"28a95cb3-5ddb-4ea5-9b4a-1ad7ca310373","ts":"2026-05-21T10:04:47.744+09:00","eventName":"n8n.audit.workflow.executed","message":"n8n.audit.workflow.executed","payload":{"userId":"310ae142-4e67-4ebc-b0a0-9e45972dd0cc","_email":"poikl11234@naver.com","_firstName":"ye","_lastName":"ri","globalRole":"global:owner","workflowId":"FmhhvkZ4Sl3qCWE8","workflowName":"My workflow","executionId":"10","source":"user-manual"}}
{"__type":"$$EventMessageConfirm","confirm":"28a95cb3-5ddb-4ea5-9b4a-1ad7ca310373","ts":"2026-05-21T10:04:47.744+09:00","source":{"id":"0","name":"eventBus"}}
{"__type":"$$EventMessageWorkflow","id":"16dbdeb9-584d-4f29-a8c6-e6f96f988b97","ts":"2026-05-21T10:04:47.745+09:00","eventName":"n8n.workflow.started","message":"n8n.workflow.started","payload":{"executionId":"10","workflowId":"FmhhvkZ4Sl3qCWE8","isManual":false,"mode":"manual","workflowName":"My workflow","projectId":"0wDdZVsjIS7vCrZb","projectName":"ye ri <poikl11234@naver.com>"}}
{"__type":"$$EventMessageConfirm","confirm":"16dbdeb9-584d-4f29-a8c6-e6f96f988b97","ts":"2026-05-21T10:04:47.745+09:00","source":{"id":"0","name":"eventBus"}}
{"__type":"$$EventMessageNode","id":"1be4ab79-0701-47ed-9588-171b10d1921c","ts":"2026-05-21T10:04:47.779+09:00","eventName":"n8n.node.started","message":"n8n.node.started","payload":{"workflowId":"FmhhvkZ4Sl3qCWE8","workflowName":"My workflow","executionId":"10","nodeType":"n8n-nodes-base.manualTrigger","nodeName":"When clicking ‘Execute workflow’","nodeId":"6948174c-a872-4b13-946b-30959fc0aff0"}}
{"__type":"$$EventMessageConfirm","confirm":"1be4ab79-0701-47ed-9588-171b10d1921c","ts":"2026-05-21T10:04:47.779+09:00","source":{"id":"0","name":"eventBus"}}
{"__type":"$$EventMessageNode","id":"bc1b7782-e243-4d32-bb25-fdffa4b2e47c","ts":"2026-05-21T10:04:47.782+09:00","eventName":"n8n.node.finished","message":"n8n.node.finished","payload":{"workflowId":"FmhhvkZ4Sl3qCWE8","workflowName":"My workflow","executionId":"10","nodeType":"n8n-nodes-base.manualTrigger","nodeName":"When clicking ‘Execute workflow’","nodeId":"6948174c-a872-4b13-946b-30959fc0aff0"}}
{"__type":"$$EventMessageConfirm","confirm":"bc1b7782-e243-4d32-bb25-fdffa4b2e47c","ts":"2026-05-21T10:04:47.782+09:00","source":{"id":"0","name":"eventBus"}}
{"__type":"$$EventMessageNode","id":"e25cb67c-6105-4380-b564-d646f20e5f5a","ts":"2026-05-21T10:04:47.786+09:00","eventName":"n8n.node.started","message":"n8n.node.started","payload":{"workflowId":"FmhhvkZ4Sl3qCWE8","workflowName":"My workflow","executionId":"10","nodeType":"n8n-nodes-base.rssFeedRead","nodeName":"RSS Read","nodeId":"4e4105fd-5f9a-4fd2-b904-5f324ff2d0e0"}}
{"__type":"$$EventMessageConfirm","confirm":"e25cb67c-6105-4380-b564-d646f20e5f5a","ts":"2026-05-21T10:04:47.786+09:00","source":{"id":"0","name":"eventBus"}}
{"__type":"$$EventMessageNode","id":"3d1610f7-f1db-4b37-ad79-4292a718a391","ts":"2026-05-21T10:04:48.865+09:00","eventName":"n8n.node.finished","message":"n8n.node.finished","payload":{"workflowId":"FmhhvkZ4Sl3qCWE8","workflowName":"My workflow","executionId":"10","nodeType":"n8n-nodes-base.rssFeedRead","nodeName":"RSS Read","nodeId":"4e4105fd-5f9a-4fd2-b904-5f324ff2d0e0"}}
{"__type":"$$EventMessageConfirm","confirm":"3d1610f7-f1db-4b37-ad79-4292a718a391","ts":"2026-05-21T10:04:48.865+09:00","source":{"id":"0","name":"eventBus"}}
{"__type":"$$EventMessageWorkflow","id":"151ef6ce-50c6-4ead-829a-28239e40e883","ts":"2026-05-21T10:04:48.874+09:00","eventName":"n8n.workflow.success","message":"n8n.workflow.success","payload":{"userId":"310ae142-4e67-4ebc-b0a0-9e45972dd0cc","executionId":"10","success":true,"isManual":true,"mode":"manual","workflowId":"FmhhvkZ4Sl3qCWE8","workflowName":"My workflow","projectId":"0wDdZVsjIS7vCrZb","projectName":"ye ri <poikl11234@naver.com>"}}
{"__type":"$$EventMessageConfirm","confirm":"151ef6ce-50c6-4ead-829a-28239e40e883","ts":"2026-05-21T10:04:48.875+09:00","source":{"id":"0","name":"eventBus"}}
{"__type":"$$EventMessageAudit","id":"76370572-cacb-4770-b2ba-124c3f98477e","ts":"2026-05-21T10:08:24.389+09:00","eventName":"n8n.audit.workflow.updated","message":"n8n.audit.workflow.updated","payload":{"userId":"310ae142-4e67-4ebc-b0a0-9e45972dd0cc","_email":"poikl11234@naver.com","_firstName":"ye","_lastName":"ri","globalRole":"global:owner","workflowId":"FmhhvkZ4Sl3qCWE8","workflowName":"My workflow"}}
{"__type":"$$EventMessageConfirm","confirm":"76370572-cacb-4770-b2ba-124c3f98477e","ts":"2026-05-21T10:08:24.389+09:00","source":{"id":"0","name":"eventBus"}}
